ERROR - 2022-11-16 04:45:50 --> Error connecting to the database: mysqli_sql_exception: Access denied for user 'root'@'localhost' in /mnt/work/Project/STIKI/Liani/si-pkh/system/Database/MySQLi/Connection.php:171
Stack trace:
#0 /mnt/work/Project/STIKI/Liani/si-pkh/system/Database/MySQLi/Connection.php(171): mysqli->real_connect()
#1 /mnt/work/Project/STIKI/Liani/si-pkh/system/Database/BaseConnection.php(382): CodeIgniter\Database\MySQLi\Connection->connect()
#2 /mnt/work/Project/STIKI/Liani/si-pkh/system/Database/BaseConnection.php(561): CodeIgniter\Database\BaseConnection->initialize()
#3 /mnt/work/Project/STIKI/Liani/si-pkh/system/Database/BaseBuilder.php(1585): CodeIgniter\Database\BaseConnection->query()
#4 /mnt/work/Project/STIKI/Liani/si-pkh/system/Model.php(223): CodeIgniter\Database\BaseBuilder->get()
#5 /mnt/work/Project/STIKI/Liani/si-pkh/system/BaseModel.php(585): CodeIgniter\Model->doFindAll()
#6 /mnt/work/Project/STIKI/Liani/si-pkh/app/Controllers/User.php(21): CodeIgniter\BaseModel->findAll()
#7 /mnt/work/Project/STIKI/Liani/si-pkh/system/CodeIgniter.php(927): App\Controllers\User->index()
#8 /mnt/work/Project/STIKI/Liani/si-pkh/system/CodeIgniter.php(482): CodeIgniter\CodeIgniter->runController()
#9 /mnt/work/Project/STIKI/Liani/si-pkh/system/CodeIgniter.php(351): CodeIgniter\CodeIgniter->handleRequest()
#10 /mnt/work/Project/STIKI/Liani/si-pkh/public/index.php(67): CodeIgniter\CodeIgniter->run()
#11 /mnt/work/Project/STIKI/Liani/si-pkh/system/Commands/Server/rewrite.php(46): require_once('...')
#12 {main}

Next CodeIgniter\Database\Exceptions\DatabaseException: Access denied for user '****'@'localhost' in /mnt/work/Project/STIKI/Liani/si-pkh/system/Database/MySQLi/Connection.php:215
Stack trace:
#0 /mnt/work/Project/STIKI/Liani/si-pkh/system/Database/BaseConnection.php(382): CodeIgniter\Database\MySQLi\Connection->connect()
#1 /mnt/work/Project/STIKI/Liani/si-pkh/system/Database/BaseConnection.php(561): CodeIgniter\Database\BaseConnection->initialize()
#2 /mnt/work/Project/STIKI/Liani/si-pkh/system/Database/BaseBuilder.php(1585): CodeIgniter\Database\BaseConnection->query()
#3 /mnt/work/Project/STIKI/Liani/si-pkh/system/Model.php(223): CodeIgniter\Database\BaseBuilder->get()
#4 /mnt/work/Project/STIKI/Liani/si-pkh/system/BaseModel.php(585): CodeIgniter\Model->doFindAll()
#5 /mnt/work/Project/STIKI/Liani/si-pkh/app/Controllers/User.php(21): CodeIgniter\BaseModel->findAll()
#6 /mnt/work/Project/STIKI/Liani/si-pkh/system/CodeIgniter.php(927): App\Controllers\User->index()
#7 /mnt/work/Project/STIKI/Liani/si-pkh/system/CodeIgniter.php(482): CodeIgniter\CodeIgniter->runController()
#8 /mnt/work/Project/STIKI/Liani/si-pkh/system/CodeIgniter.php(351): CodeIgniter\CodeIgniter->handleRequest()
#9 /mnt/work/Project/STIKI/Liani/si-pkh/public/index.php(67): CodeIgniter\CodeIgniter->run()
#10 /mnt/work/Project/STIKI/Liani/si-pkh/system/Commands/Server/rewrite.php(46): require_once('...')
#11 {main}
CRITICAL - 2022-11-16 04:45:50 --> Unable to connect to the database.
Main connection [MySQLi]: Access denied for user '****'@'localhost'
in SYSTEMPATH/Database/BaseConnection.php on line 418.
 1 SYSTEMPATH/Database/BaseConnection.php(561): CodeIgniter\Database\BaseConnection->initialize()
 2 SYSTEMPATH/Database/BaseBuilder.php(1585): CodeIgniter\Database\BaseConnection->query()
 3 SYSTEMPATH/Model.php(223): CodeIgniter\Database\BaseBuilder->get()
 4 SYSTEMPATH/BaseModel.php(585): CodeIgniter\Model->doFindAll()
 5 APPPATH/Controllers/User.php(21): CodeIgniter\BaseModel->findAll()
 6 SYSTEMPATH/CodeIgniter.php(927): App\Controllers\User->index()
 7 SYSTEMPATH/CodeIgniter.php(482): CodeIgniter\CodeIgniter->runController()
 8 SYSTEMPATH/CodeIgniter.php(351): CodeIgniter\CodeIgniter->handleRequest()
 9 FCPATH/index.php(67): CodeIgniter\CodeIgniter->run()
10 SYSTEMPATH/Commands/Server/rewrite.php(46): require_once('FCPATH/index.php')
ERROR - 2022-11-16 04:47:30 --> Error connecting to the database: mysqli_sql_exception: Access denied for user 'root'@'localhost' in /mnt/work/Project/STIKI/Liani/si-pkh/system/Database/MySQLi/Connection.php:171
Stack trace:
#0 /mnt/work/Project/STIKI/Liani/si-pkh/system/Database/MySQLi/Connection.php(171): mysqli->real_connect()
#1 /mnt/work/Project/STIKI/Liani/si-pkh/system/Database/BaseConnection.php(382): CodeIgniter\Database\MySQLi\Connection->connect()
#2 /mnt/work/Project/STIKI/Liani/si-pkh/system/Database/BaseConnection.php(561): CodeIgniter\Database\BaseConnection->initialize()
#3 /mnt/work/Project/STIKI/Liani/si-pkh/system/Database/BaseBuilder.php(1585): CodeIgniter\Database\BaseConnection->query()
#4 /mnt/work/Project/STIKI/Liani/si-pkh/system/Model.php(223): CodeIgniter\Database\BaseBuilder->get()
#5 /mnt/work/Project/STIKI/Liani/si-pkh/system/BaseModel.php(585): CodeIgniter\Model->doFindAll()
#6 /mnt/work/Project/STIKI/Liani/si-pkh/app/Controllers/User.php(21): CodeIgniter\BaseModel->findAll()
#7 /mnt/work/Project/STIKI/Liani/si-pkh/system/CodeIgniter.php(927): App\Controllers\User->index()
#8 /mnt/work/Project/STIKI/Liani/si-pkh/system/CodeIgniter.php(482): CodeIgniter\CodeIgniter->runController()
#9 /mnt/work/Project/STIKI/Liani/si-pkh/system/CodeIgniter.php(351): CodeIgniter\CodeIgniter->handleRequest()
#10 /mnt/work/Project/STIKI/Liani/si-pkh/public/index.php(67): CodeIgniter\CodeIgniter->run()
#11 /mnt/work/Project/STIKI/Liani/si-pkh/system/Commands/Server/rewrite.php(46): require_once('...')
#12 {main}

Next CodeIgniter\Database\Exceptions\DatabaseException: Access denied for user '****'@'localhost' in /mnt/work/Project/STIKI/Liani/si-pkh/system/Database/MySQLi/Connection.php:215
Stack trace:
#0 /mnt/work/Project/STIKI/Liani/si-pkh/system/Database/BaseConnection.php(382): CodeIgniter\Database\MySQLi\Connection->connect()
#1 /mnt/work/Project/STIKI/Liani/si-pkh/system/Database/BaseConnection.php(561): CodeIgniter\Database\BaseConnection->initialize()
#2 /mnt/work/Project/STIKI/Liani/si-pkh/system/Database/BaseBuilder.php(1585): CodeIgniter\Database\BaseConnection->query()
#3 /mnt/work/Project/STIKI/Liani/si-pkh/system/Model.php(223): CodeIgniter\Database\BaseBuilder->get()
#4 /mnt/work/Project/STIKI/Liani/si-pkh/system/BaseModel.php(585): CodeIgniter\Model->doFindAll()
#5 /mnt/work/Project/STIKI/Liani/si-pkh/app/Controllers/User.php(21): CodeIgniter\BaseModel->findAll()
#6 /mnt/work/Project/STIKI/Liani/si-pkh/system/CodeIgniter.php(927): App\Controllers\User->index()
#7 /mnt/work/Project/STIKI/Liani/si-pkh/system/CodeIgniter.php(482): CodeIgniter\CodeIgniter->runController()
#8 /mnt/work/Project/STIKI/Liani/si-pkh/system/CodeIgniter.php(351): CodeIgniter\CodeIgniter->handleRequest()
#9 /mnt/work/Project/STIKI/Liani/si-pkh/public/index.php(67): CodeIgniter\CodeIgniter->run()
#10 /mnt/work/Project/STIKI/Liani/si-pkh/system/Commands/Server/rewrite.php(46): require_once('...')
#11 {main}
CRITICAL - 2022-11-16 04:47:30 --> Unable to connect to the database.
Main connection [MySQLi]: Access denied for user '****'@'localhost'
in SYSTEMPATH/Database/BaseConnection.php on line 418.
 1 SYSTEMPATH/Database/BaseConnection.php(561): CodeIgniter\Database\BaseConnection->initialize()
 2 SYSTEMPATH/Database/BaseBuilder.php(1585): CodeIgniter\Database\BaseConnection->query()
 3 SYSTEMPATH/Model.php(223): CodeIgniter\Database\BaseBuilder->get()
 4 SYSTEMPATH/BaseModel.php(585): CodeIgniter\Model->doFindAll()
 5 APPPATH/Controllers/User.php(21): CodeIgniter\BaseModel->findAll()
 6 SYSTEMPATH/CodeIgniter.php(927): App\Controllers\User->index()
 7 SYSTEMPATH/CodeIgniter.php(482): CodeIgniter\CodeIgniter->runController()
 8 SYSTEMPATH/CodeIgniter.php(351): CodeIgniter\CodeIgniter->handleRequest()
 9 FCPATH/index.php(67): CodeIgniter\CodeIgniter->run()
10 SYSTEMPATH/Commands/Server/rewrite.php(46): require_once('FCPATH/index.php')
ERROR - 2022-11-16 06:36:19 --> mysqli_sql_exception: Unknown column 'jenis_kelamin' in 'field list' in /mnt/work/Project/STIKI/Liani/si-pkh/system/Database/MySQLi/Connection.php:292
Stack trace:
#0 /mnt/work/Project/STIKI/Liani/si-pkh/system/Database/MySQLi/Connection.php(292): mysqli->query()
#1 /mnt/work/Project/STIKI/Liani/si-pkh/system/Database/BaseConnection.php(666): CodeIgniter\Database\MySQLi\Connection->execute()
#2 /mnt/work/Project/STIKI/Liani/si-pkh/system/Database/BaseConnection.php(593): CodeIgniter\Database\BaseConnection->simpleQuery()
#3 /mnt/work/Project/STIKI/Liani/si-pkh/system/Database/BaseBuilder.php(1916): CodeIgniter\Database\BaseConnection->query()
#4 /mnt/work/Project/STIKI/Liani/si-pkh/system/Model.php(279): CodeIgniter\Database\BaseBuilder->insert()
#5 /mnt/work/Project/STIKI/Liani/si-pkh/system/BaseModel.php(749): CodeIgniter\Model->doInsert()
#6 /mnt/work/Project/STIKI/Liani/si-pkh/system/Model.php(667): CodeIgniter\BaseModel->insert()
#7 /mnt/work/Project/STIKI/Liani/si-pkh/system/BaseModel.php(659): CodeIgniter\Model->insert()
#8 /mnt/work/Project/STIKI/Liani/si-pkh/app/Controllers/User.php(70): CodeIgniter\BaseModel->save()
#9 /mnt/work/Project/STIKI/Liani/si-pkh/system/CodeIgniter.php(927): App\Controllers\User->add()
#10 /mnt/work/Project/STIKI/Liani/si-pkh/system/CodeIgniter.php(482): CodeIgniter\CodeIgniter->runController()
#11 /mnt/work/Project/STIKI/Liani/si-pkh/system/CodeIgniter.php(351): CodeIgniter\CodeIgniter->handleRequest()
#12 /mnt/work/Project/STIKI/Liani/si-pkh/public/index.php(67): CodeIgniter\CodeIgniter->run()
#13 /mnt/work/Project/STIKI/Liani/si-pkh/system/Commands/Server/rewrite.php(46): require_once('...')
#14 {main}
CRITICAL - 2022-11-16 06:36:19 --> Unknown column 'jenis_kelamin' in 'field list'
in SYSTEMPATH/Database/MySQLi/Connection.php on line 292.
 1 SYSTEMPATH/Database/MySQLi/Connection.php(292): mysqli->query()
 2 SYSTEMPATH/Database/BaseConnection.php(666): CodeIgniter\Database\MySQLi\Connection->execute()
 3 SYSTEMPATH/Database/BaseConnection.php(593): CodeIgniter\Database\BaseConnection->simpleQuery()
 4 SYSTEMPATH/Database/BaseBuilder.php(1916): CodeIgniter\Database\BaseConnection->query()
 5 SYSTEMPATH/Model.php(279): CodeIgniter\Database\BaseBuilder->insert()
 6 SYSTEMPATH/BaseModel.php(749): CodeIgniter\Model->doInsert()
 7 SYSTEMPATH/Model.php(667): CodeIgniter\BaseModel->insert()
 8 SYSTEMPATH/BaseModel.php(659): CodeIgniter\Model->insert()
 9 APPPATH/Controllers/User.php(70): CodeIgniter\BaseModel->save()
10 SYSTEMPATH/CodeIgniter.php(927): App\Controllers\User->add()
11 SYSTEMPATH/CodeIgniter.php(482): CodeIgniter\CodeIgniter->runController()
12 SYSTEMPATH/CodeIgniter.php(351): CodeIgniter\CodeIgniter->handleRequest()
13 FCPATH/index.php(67): CodeIgniter\CodeIgniter->run()
14 SYSTEMPATH/Commands/Server/rewrite.php(46): require_once('FCPATH/index.php')
