CRITICAL - 2022-11-13 01:28:59 --> Undefined variable $title
in APPPATH\Views\temp\layout\navbar.php on line 12.
 1 APPPATH\Views\temp\layout\navbar.php(12): CodeIgniter\Debug\Exceptions->errorHandler(2, 'Undefined variable $title', 'APPPATH\\Views\\temp\\layout\\navbar.php', 12)
 2 SYSTEMPATH\View\View.php(213): include('APPPATH\\Views\\temp\\layout\\navbar.php')
 3 SYSTEMPATH\View\View.php(216): CodeIgniter\View\View->CodeIgniter\View\{closure}()
 4 SYSTEMPATH\View\View.php(431): CodeIgniter\View\View->render('/temp/layout/navbar', null, true)
 5 APPPATH\Views\temp\layout\index.php(13): CodeIgniter\View\View->include('/temp/layout/navbar')
 6 SYSTEMPATH\View\View.php(213): include('APPPATH\\Views\\temp\\layout\\index.php')
 7 SYSTEMPATH\View\View.php(216): CodeIgniter\View\View->CodeIgniter\View\{closure}()
 8 SYSTEMPATH\View\View.php(229): CodeIgniter\View\View->render('temp/layout/index', [], true)
 9 SYSTEMPATH\Common.php(1134): CodeIgniter\View\View->render('home/index', [], true)
10 APPPATH\Controllers\Home.php(9): view('home/index')
11 SYSTEMPATH\CodeIgniter.php(927): App\Controllers\Home->index()
12 SYSTEMPATH\CodeIgniter.php(482): CodeIgniter\CodeIgniter->runController(Object(App\Controllers\Home))
13 SYSTEMPATH\CodeIgniter.php(351): CodeIgniter\CodeIgniter->handleRequest(null, Object(Config\Cache), false)
14 FCPATH\index.php(67): CodeIgniter\CodeIgniter->run()
15 SYSTEMPATH\Commands\Server\rewrite.php(46): require_once('FCPATH\\index.php')
CRITICAL - 2022-11-13 01:29:00 --> Undefined variable $title
in APPPATH\Views\temp\layout\navbar.php on line 12.
 1 APPPATH\Views\temp\layout\navbar.php(12): CodeIgniter\Debug\Exceptions->errorHandler(2, 'Undefined variable $title', 'APPPATH\\Views\\temp\\layout\\navbar.php', 12)
 2 SYSTEMPATH\View\View.php(213): include('APPPATH\\Views\\temp\\layout\\navbar.php')
 3 SYSTEMPATH\View\View.php(216): CodeIgniter\View\View->CodeIgniter\View\{closure}()
 4 SYSTEMPATH\View\View.php(431): CodeIgniter\View\View->render('/temp/layout/navbar', null, true)
 5 APPPATH\Views\temp\layout\index.php(13): CodeIgniter\View\View->include('/temp/layout/navbar')
 6 SYSTEMPATH\View\View.php(213): include('APPPATH\\Views\\temp\\layout\\index.php')
 7 SYSTEMPATH\View\View.php(216): CodeIgniter\View\View->CodeIgniter\View\{closure}()
 8 SYSTEMPATH\View\View.php(229): CodeIgniter\View\View->render('temp/layout/index', [], true)
 9 SYSTEMPATH\Common.php(1134): CodeIgniter\View\View->render('home/index', [], true)
10 APPPATH\Controllers\Home.php(9): view('home/index')
11 SYSTEMPATH\CodeIgniter.php(927): App\Controllers\Home->index()
12 SYSTEMPATH\CodeIgniter.php(482): CodeIgniter\CodeIgniter->runController(Object(App\Controllers\Home))
13 SYSTEMPATH\CodeIgniter.php(351): CodeIgniter\CodeIgniter->handleRequest(null, Object(Config\Cache), false)
14 FCPATH\index.php(67): CodeIgniter\CodeIgniter->run()
15 SYSTEMPATH\Commands\Server\rewrite.php(46): require_once('FCPATH\\index.php')
CRITICAL - 2022-11-13 01:30:27 --> Undefined variable $title
in APPPATH\Views\temp\layout\navbar.php on line 12.
 1 APPPATH\Views\temp\layout\navbar.php(12): CodeIgniter\Debug\Exceptions->errorHandler(2, 'Undefined variable $title', 'APPPATH\\Views\\temp\\layout\\navbar.php', 12)
 2 SYSTEMPATH\View\View.php(213): include('APPPATH\\Views\\temp\\layout\\navbar.php')
 3 SYSTEMPATH\View\View.php(216): CodeIgniter\View\View->CodeIgniter\View\{closure}()
 4 SYSTEMPATH\View\View.php(431): CodeIgniter\View\View->render('/temp/layout/navbar', null, true)
 5 APPPATH\Views\temp\layout\index.php(13): CodeIgniter\View\View->include('/temp/layout/navbar')
 6 SYSTEMPATH\View\View.php(213): include('APPPATH\\Views\\temp\\layout\\index.php')
 7 SYSTEMPATH\View\View.php(216): CodeIgniter\View\View->CodeIgniter\View\{closure}()
 8 SYSTEMPATH\View\View.php(229): CodeIgniter\View\View->render('temp/layout/index', [], true)
 9 SYSTEMPATH\Common.php(1134): CodeIgniter\View\View->render('home/index', [], true)
10 APPPATH\Controllers\Home.php(9): view('home/index')
11 SYSTEMPATH\CodeIgniter.php(927): App\Controllers\Home->index()
12 SYSTEMPATH\CodeIgniter.php(482): CodeIgniter\CodeIgniter->runController(Object(App\Controllers\Home))
13 SYSTEMPATH\CodeIgniter.php(351): CodeIgniter\CodeIgniter->handleRequest(null, Object(Config\Cache), false)
14 FCPATH\index.php(67): CodeIgniter\CodeIgniter->run()
15 SYSTEMPATH\Commands\Server\rewrite.php(46): require_once('FCPATH\\index.php')
CRITICAL - 2022-11-13 01:30:44 --> Undefined variable $title
in APPPATH\Views\temp\layout\navbar.php on line 12.
 1 APPPATH\Views\temp\layout\navbar.php(12): CodeIgniter\Debug\Exceptions->errorHandler(2, 'Undefined variable $title', 'APPPATH\\Views\\temp\\layout\\navbar.php', 12)
 2 SYSTEMPATH\View\View.php(213): include('APPPATH\\Views\\temp\\layout\\navbar.php')
 3 SYSTEMPATH\View\View.php(216): CodeIgniter\View\View->CodeIgniter\View\{closure}()
 4 SYSTEMPATH\View\View.php(431): CodeIgniter\View\View->render('/temp/layout/navbar', null, true)
 5 APPPATH\Views\temp\layout\index.php(13): CodeIgniter\View\View->include('/temp/layout/navbar')
 6 SYSTEMPATH\View\View.php(213): include('APPPATH\\Views\\temp\\layout\\index.php')
 7 SYSTEMPATH\View\View.php(216): CodeIgniter\View\View->CodeIgniter\View\{closure}()
 8 SYSTEMPATH\View\View.php(229): CodeIgniter\View\View->render('temp/layout/index', [], true)
 9 SYSTEMPATH\Common.php(1134): CodeIgniter\View\View->render('home/index', [], true)
10 APPPATH\Controllers\Home.php(9): view('home/index')
11 SYSTEMPATH\CodeIgniter.php(927): App\Controllers\Home->index()
12 SYSTEMPATH\CodeIgniter.php(482): CodeIgniter\CodeIgniter->runController(Object(App\Controllers\Home))
13 SYSTEMPATH\CodeIgniter.php(351): CodeIgniter\CodeIgniter->handleRequest(null, Object(Config\Cache), false)
14 FCPATH\index.php(67): CodeIgniter\CodeIgniter->run()
15 SYSTEMPATH\Commands\Server\rewrite.php(46): require_once('FCPATH\\index.php')
CRITICAL - 2022-11-13 01:30:52 --> Undefined variable $title
in APPPATH\Views\temp\layout\navbar.php on line 12.
 1 APPPATH\Views\temp\layout\navbar.php(12): CodeIgniter\Debug\Exceptions->errorHandler(2, 'Undefined variable $title', 'APPPATH\\Views\\temp\\layout\\navbar.php', 12)
 2 SYSTEMPATH\View\View.php(213): include('APPPATH\\Views\\temp\\layout\\navbar.php')
 3 SYSTEMPATH\View\View.php(216): CodeIgniter\View\View->CodeIgniter\View\{closure}()
 4 SYSTEMPATH\View\View.php(431): CodeIgniter\View\View->render('/temp/layout/navbar', null, true)
 5 APPPATH\Views\temp\layout\index.php(13): CodeIgniter\View\View->include('/temp/layout/navbar')
 6 SYSTEMPATH\View\View.php(213): include('APPPATH\\Views\\temp\\layout\\index.php')
 7 SYSTEMPATH\View\View.php(216): CodeIgniter\View\View->CodeIgniter\View\{closure}()
 8 SYSTEMPATH\View\View.php(229): CodeIgniter\View\View->render('temp/layout/index', [], true)
 9 SYSTEMPATH\Common.php(1134): CodeIgniter\View\View->render('home/index', [], true)
10 APPPATH\Controllers\Home.php(9): view('home/index')
11 SYSTEMPATH\CodeIgniter.php(927): App\Controllers\Home->index()
12 SYSTEMPATH\CodeIgniter.php(482): CodeIgniter\CodeIgniter->runController(Object(App\Controllers\Home))
13 SYSTEMPATH\CodeIgniter.php(351): CodeIgniter\CodeIgniter->handleRequest(null, Object(Config\Cache), false)
14 FCPATH\index.php(67): CodeIgniter\CodeIgniter->run()
15 SYSTEMPATH\Commands\Server\rewrite.php(46): require_once('FCPATH\\index.php')
CRITICAL - 2022-11-13 02:38:41 --> Undefined variable $info
in APPPATH\Views\pendamping\index.php on line 4.
 1 APPPATH\Views\pendamping\index.php(4): CodeIgniter\Debug\Exceptions->errorHandler(2, 'Undefined variable $info', 'APPPATH\\Views\\pendamping\\index.php', 4)
 2 SYSTEMPATH\View\View.php(213): include('APPPATH\\Views\\pendamping\\index.php')
 3 SYSTEMPATH\View\View.php(216): CodeIgniter\View\View->CodeIgniter\View\{closure}()
 4 SYSTEMPATH\Common.php(1134): CodeIgniter\View\View->render('/pendamping/index', [], true)
 5 APPPATH\Controllers\Pendamping.php(15): view('/pendamping/index', [...])
 6 SYSTEMPATH\CodeIgniter.php(927): App\Controllers\Pendamping->index()
 7 SYSTEMPATH\CodeIgniter.php(482): CodeIgniter\CodeIgniter->runController(Object(App\Controllers\Pendamping))
 8 SYSTEMPATH\CodeIgniter.php(351): CodeIgniter\CodeIgniter->handleRequest(null, Object(Config\Cache), false)
 9 FCPATH\index.php(67): CodeIgniter\CodeIgniter->run()
10 SYSTEMPATH\Commands\Server\rewrite.php(46): require_once('FCPATH\\index.php')
CRITICAL - 2022-11-13 02:40:06 --> Undefined variable $dataWarga
in APPPATH\Views\pendamping\index.php on line 24.
 1 APPPATH\Views\pendamping\index.php(24): CodeIgniter\Debug\Exceptions->errorHandler(2, 'Undefined variable $dataWarga', 'APPPATH\\Views\\pendamping\\index.php', 24)
 2 SYSTEMPATH\View\View.php(213): include('APPPATH\\Views\\pendamping\\index.php')
 3 SYSTEMPATH\View\View.php(216): CodeIgniter\View\View->CodeIgniter\View\{closure}()
 4 SYSTEMPATH\Common.php(1134): CodeIgniter\View\View->render('/pendamping/index', [], true)
 5 APPPATH\Controllers\Pendamping.php(20): view('/pendamping/index', [...])
 6 SYSTEMPATH\CodeIgniter.php(927): App\Controllers\Pendamping->index()
 7 SYSTEMPATH\CodeIgniter.php(482): CodeIgniter\CodeIgniter->runController(Object(App\Controllers\Pendamping))
 8 SYSTEMPATH\CodeIgniter.php(351): CodeIgniter\CodeIgniter->handleRequest(null, Object(Config\Cache), false)
 9 FCPATH\index.php(67): CodeIgniter\CodeIgniter->run()
10 SYSTEMPATH\Commands\Server\rewrite.php(46): require_once('FCPATH\\index.php')
CRITICAL - 2022-11-13 02:40:52 --> Undefined variable $dataWarga
in APPPATH\Views\pendamping\index.php on line 24.
 1 APPPATH\Views\pendamping\index.php(24): CodeIgniter\Debug\Exceptions->errorHandler(2, 'Undefined variable $dataWarga', 'APPPATH\\Views\\pendamping\\index.php', 24)
 2 SYSTEMPATH\View\View.php(213): include('APPPATH\\Views\\pendamping\\index.php')
 3 SYSTEMPATH\View\View.php(216): CodeIgniter\View\View->CodeIgniter\View\{closure}()
 4 SYSTEMPATH\Common.php(1134): CodeIgniter\View\View->render('/pendamping/index', [], true)
 5 APPPATH\Controllers\Pendamping.php(20): view('/pendamping/index', [...])
 6 SYSTEMPATH\CodeIgniter.php(927): App\Controllers\Pendamping->index()
 7 SYSTEMPATH\CodeIgniter.php(482): CodeIgniter\CodeIgniter->runController(Object(App\Controllers\Pendamping))
 8 SYSTEMPATH\CodeIgniter.php(351): CodeIgniter\CodeIgniter->handleRequest(null, Object(Config\Cache), false)
 9 FCPATH\index.php(67): CodeIgniter\CodeIgniter->run()
10 SYSTEMPATH\Commands\Server\rewrite.php(46): require_once('FCPATH\\index.php')
CRITICAL - 2022-11-13 02:45:36 --> Undefined property: App\Controllers\Pendamping::$wargaModel
in APPPATH\Controllers\Pendamping.php on line 24.
 1 APPPATH\Controllers\Pendamping.php(24): CodeIgniter\Debug\Exceptions->errorHandler(2, 'Undefined property: App\\Controllers\\Pendamping::$wargaModel', 'APPPATH\\Controllers\\Pendamping.php', 24)
 2 SYSTEMPATH\CodeIgniter.php(927): App\Controllers\Pendamping->index()
 3 SYSTEMPATH\CodeIgniter.php(482): CodeIgniter\CodeIgniter->runController(Object(App\Controllers\Pendamping))
 4 SYSTEMPATH\CodeIgniter.php(351): CodeIgniter\CodeIgniter->handleRequest(null, Object(Config\Cache), false)
 5 FCPATH\index.php(67): CodeIgniter\CodeIgniter->run()
 6 SYSTEMPATH\Commands\Server\rewrite.php(46): require_once('FCPATH\\index.php')
CRITICAL - 2022-11-13 02:46:33 --> Undefined property: App\Controllers\Pendamping::$userModel
in APPPATH\Controllers\Pendamping.php on line 24.
 1 APPPATH\Controllers\Pendamping.php(24): CodeIgniter\Debug\Exceptions->errorHandler(2, 'Undefined property: App\\Controllers\\Pendamping::$userModel', 'APPPATH\\Controllers\\Pendamping.php', 24)
 2 SYSTEMPATH\CodeIgniter.php(927): App\Controllers\Pendamping->index()
 3 SYSTEMPATH\CodeIgniter.php(482): CodeIgniter\CodeIgniter->runController(Object(App\Controllers\Pendamping))
 4 SYSTEMPATH\CodeIgniter.php(351): CodeIgniter\CodeIgniter->handleRequest(null, Object(Config\Cache), false)
 5 FCPATH\index.php(67): CodeIgniter\CodeIgniter->run()
 6 SYSTEMPATH\Commands\Server\rewrite.php(46): require_once('FCPATH\\index.php')
CRITICAL - 2022-11-13 02:46:52 --> Undefined variable $dataWarga
in APPPATH\Views\pendamping\index.php on line 24.
 1 APPPATH\Views\pendamping\index.php(24): CodeIgniter\Debug\Exceptions->errorHandler(2, 'Undefined variable $dataWarga', 'APPPATH\\Views\\pendamping\\index.php', 24)
 2 SYSTEMPATH\View\View.php(213): include('APPPATH\\Views\\pendamping\\index.php')
 3 SYSTEMPATH\View\View.php(216): CodeIgniter\View\View->CodeIgniter\View\{closure}()
 4 SYSTEMPATH\Common.php(1134): CodeIgniter\View\View->render('/pendamping/index', [], true)
 5 APPPATH\Controllers\Pendamping.php(27): view('/pendamping/index', [...])
 6 SYSTEMPATH\CodeIgniter.php(927): App\Controllers\Pendamping->index()
 7 SYSTEMPATH\CodeIgniter.php(482): CodeIgniter\CodeIgniter->runController(Object(App\Controllers\Pendamping))
 8 SYSTEMPATH\CodeIgniter.php(351): CodeIgniter\CodeIgniter->handleRequest(null, Object(Config\Cache), false)
 9 FCPATH\index.php(67): CodeIgniter\CodeIgniter->run()
10 SYSTEMPATH\Commands\Server\rewrite.php(46): require_once('FCPATH\\index.php')
CRITICAL - 2022-11-13 02:47:18 --> Undefined array key "nama_lengkap"
in APPPATH\Views\pendamping\index.php on line 26.
 1 APPPATH\Views\pendamping\index.php(26): CodeIgniter\Debug\Exceptions->errorHandler(2, 'Undefined array key "nama_lengkap"', 'APPPATH\\Views\\pendamping\\index.php', 26)
 2 SYSTEMPATH\View\View.php(213): include('APPPATH\\Views\\pendamping\\index.php')
 3 SYSTEMPATH\View\View.php(216): CodeIgniter\View\View->CodeIgniter\View\{closure}()
 4 SYSTEMPATH\Common.php(1134): CodeIgniter\View\View->render('/pendamping/index', [], true)
 5 APPPATH\Controllers\Pendamping.php(27): view('/pendamping/index', [...])
 6 SYSTEMPATH\CodeIgniter.php(927): App\Controllers\Pendamping->index()
 7 SYSTEMPATH\CodeIgniter.php(482): CodeIgniter\CodeIgniter->runController(Object(App\Controllers\Pendamping))
 8 SYSTEMPATH\CodeIgniter.php(351): CodeIgniter\CodeIgniter->handleRequest(null, Object(Config\Cache), false)
 9 FCPATH\index.php(67): CodeIgniter\CodeIgniter->run()
10 SYSTEMPATH\Commands\Server\rewrite.php(46): require_once('FCPATH\\index.php')
CRITICAL - 2022-11-13 02:47:49 --> Undefined array key "nam_user"
in APPPATH\Views\pendamping\index.php on line 26.
 1 APPPATH\Views\pendamping\index.php(26): CodeIgniter\Debug\Exceptions->errorHandler(2, 'Undefined array key "nam_user"', 'APPPATH\\Views\\pendamping\\index.php', 26)
 2 SYSTEMPATH\View\View.php(213): include('APPPATH\\Views\\pendamping\\index.php')
 3 SYSTEMPATH\View\View.php(216): CodeIgniter\View\View->CodeIgniter\View\{closure}()
 4 SYSTEMPATH\Common.php(1134): CodeIgniter\View\View->render('/pendamping/index', [], true)
 5 APPPATH\Controllers\Pendamping.php(27): view('/pendamping/index', [...])
 6 SYSTEMPATH\CodeIgniter.php(927): App\Controllers\Pendamping->index()
 7 SYSTEMPATH\CodeIgniter.php(482): CodeIgniter\CodeIgniter->runController(Object(App\Controllers\Pendamping))
 8 SYSTEMPATH\CodeIgniter.php(351): CodeIgniter\CodeIgniter->handleRequest(null, Object(Config\Cache), false)
 9 FCPATH\index.php(67): CodeIgniter\CodeIgniter->run()
10 SYSTEMPATH\Commands\Server\rewrite.php(46): require_once('FCPATH\\index.php')
CRITICAL - 2022-11-13 02:47:57 --> Undefined array key "jenis_kelamin"
in APPPATH\Views\pendamping\index.php on line 27.
 1 APPPATH\Views\pendamping\index.php(27): CodeIgniter\Debug\Exceptions->errorHandler(2, 'Undefined array key "jenis_kelamin"', 'APPPATH\\Views\\pendamping\\index.php', 27)
 2 SYSTEMPATH\View\View.php(213): include('APPPATH\\Views\\pendamping\\index.php')
 3 SYSTEMPATH\View\View.php(216): CodeIgniter\View\View->CodeIgniter\View\{closure}()
 4 SYSTEMPATH\Common.php(1134): CodeIgniter\View\View->render('/pendamping/index', [], true)
 5 APPPATH\Controllers\Pendamping.php(27): view('/pendamping/index', [...])
 6 SYSTEMPATH\CodeIgniter.php(927): App\Controllers\Pendamping->index()
 7 SYSTEMPATH\CodeIgniter.php(482): CodeIgniter\CodeIgniter->runController(Object(App\Controllers\Pendamping))
 8 SYSTEMPATH\CodeIgniter.php(351): CodeIgniter\CodeIgniter->handleRequest(null, Object(Config\Cache), false)
 9 FCPATH\index.php(67): CodeIgniter\CodeIgniter->run()
10 SYSTEMPATH\Commands\Server\rewrite.php(46): require_once('FCPATH\\index.php')
CRITICAL - 2022-11-13 04:02:21 --> Undefined property: App\Controllers\Pengurus::$info
in APPPATH\Controllers\Pengurus.php on line 12.
 1 APPPATH\Controllers\Pengurus.php(12): CodeIgniter\Debug\Exceptions->errorHandler(2, 'Undefined property: App\\Controllers\\Pengurus::$info', 'APPPATH\\Controllers\\Pengurus.php', 12)
 2 SYSTEMPATH\CodeIgniter.php(927): App\Controllers\Pengurus->index()
 3 SYSTEMPATH\CodeIgniter.php(482): CodeIgniter\CodeIgniter->runController(Object(App\Controllers\Pengurus))
 4 SYSTEMPATH\CodeIgniter.php(351): CodeIgniter\CodeIgniter->handleRequest(null, Object(Config\Cache), false)
 5 FCPATH\index.php(67): CodeIgniter\CodeIgniter->run()
 6 SYSTEMPATH\Commands\Server\rewrite.php(46): require_once('FCPATH\\index.php')
CRITICAL - 2022-11-13 04:02:54 --> Undefined property: App\Controllers\Pengurus::$userModel
in APPPATH\Controllers\Pengurus.php on line 19.
 1 APPPATH\Controllers\Pengurus.php(19): CodeIgniter\Debug\Exceptions->errorHandler(2, 'Undefined property: App\\Controllers\\Pengurus::$userModel', 'APPPATH\\Controllers\\Pengurus.php', 19)
 2 SYSTEMPATH\CodeIgniter.php(927): App\Controllers\Pengurus->index()
 3 SYSTEMPATH\CodeIgniter.php(482): CodeIgniter\CodeIgniter->runController(Object(App\Controllers\Pengurus))
 4 SYSTEMPATH\CodeIgniter.php(351): CodeIgniter\CodeIgniter->handleRequest(null, Object(Config\Cache), false)
 5 FCPATH\index.php(67): CodeIgniter\CodeIgniter->run()
 6 SYSTEMPATH\Commands\Server\rewrite.php(46): require_once('FCPATH\\index.php')
CRITICAL - 2022-11-13 04:02:55 --> Undefined property: App\Controllers\Pengurus::$userModel
in APPPATH\Controllers\Pengurus.php on line 19.
 1 APPPATH\Controllers\Pengurus.php(19): CodeIgniter\Debug\Exceptions->errorHandler(2, 'Undefined property: App\\Controllers\\Pengurus::$userModel', 'APPPATH\\Controllers\\Pengurus.php', 19)
 2 SYSTEMPATH\CodeIgniter.php(927): App\Controllers\Pengurus->index()
 3 SYSTEMPATH\CodeIgniter.php(482): CodeIgniter\CodeIgniter->runController(Object(App\Controllers\Pengurus))
 4 SYSTEMPATH\CodeIgniter.php(351): CodeIgniter\CodeIgniter->handleRequest(null, Object(Config\Cache), false)
 5 FCPATH\index.php(67): CodeIgniter\CodeIgniter->run()
 6 SYSTEMPATH\Commands\Server\rewrite.php(46): require_once('FCPATH\\index.php')
CRITICAL - 2022-11-13 04:03:27 --> Undefined variable $dataPendamping
in APPPATH\Views\pengurus\index.php on line 23.
 1 APPPATH\Views\pengurus\index.php(23): CodeIgniter\Debug\Exceptions->errorHandler(2, 'Undefined variable $dataPendamping', 'APPPATH\\Views\\pengurus\\index.php', 23)
 2 SYSTEMPATH\View\View.php(213): include('APPPATH\\Views\\pengurus\\index.php')
 3 SYSTEMPATH\View\View.php(216): CodeIgniter\View\View->CodeIgniter\View\{closure}()
 4 SYSTEMPATH\Common.php(1134): CodeIgniter\View\View->render('/pengurus/index', [], true)
 5 APPPATH\Controllers\Pengurus.php(27): view('/pengurus/index', [...])
 6 SYSTEMPATH\CodeIgniter.php(927): App\Controllers\Pengurus->index()
 7 SYSTEMPATH\CodeIgniter.php(482): CodeIgniter\CodeIgniter->runController(Object(App\Controllers\Pengurus))
 8 SYSTEMPATH\CodeIgniter.php(351): CodeIgniter\CodeIgniter->handleRequest(null, Object(Config\Cache), false)
 9 FCPATH\index.php(67): CodeIgniter\CodeIgniter->run()
10 SYSTEMPATH\Commands\Server\rewrite.php(46): require_once('FCPATH\\index.php')
CRITICAL - 2022-11-13 04:03:29 --> Undefined variable $dataPendamping
in APPPATH\Views\pengurus\index.php on line 23.
 1 APPPATH\Views\pengurus\index.php(23): CodeIgniter\Debug\Exceptions->errorHandler(2, 'Undefined variable $dataPendamping', 'APPPATH\\Views\\pengurus\\index.php', 23)
 2 SYSTEMPATH\View\View.php(213): include('APPPATH\\Views\\pengurus\\index.php')
 3 SYSTEMPATH\View\View.php(216): CodeIgniter\View\View->CodeIgniter\View\{closure}()
 4 SYSTEMPATH\Common.php(1134): CodeIgniter\View\View->render('/pengurus/index', [], true)
 5 APPPATH\Controllers\Pengurus.php(27): view('/pengurus/index', [...])
 6 SYSTEMPATH\CodeIgniter.php(927): App\Controllers\Pengurus->index()
 7 SYSTEMPATH\CodeIgniter.php(482): CodeIgniter\CodeIgniter->runController(Object(App\Controllers\Pengurus))
 8 SYSTEMPATH\CodeIgniter.php(351): CodeIgniter\CodeIgniter->handleRequest(null, Object(Config\Cache), false)
 9 FCPATH\index.php(67): CodeIgniter\CodeIgniter->run()
10 SYSTEMPATH\Commands\Server\rewrite.php(46): require_once('FCPATH\\index.php')
CRITICAL - 2022-11-13 04:22:19 --> Undefined property: App\Controllers\Transaksi::$bantuanModel
in APPPATH\Controllers\Transaksi.php on line 24.
 1 APPPATH\Controllers\Transaksi.php(24): CodeIgniter\Debug\Exceptions->errorHandler(2, 'Undefined property: App\\Controllers\\Transaksi::$bantuanModel', 'APPPATH\\Controllers\\Transaksi.php', 24)
 2 SYSTEMPATH\CodeIgniter.php(927): App\Controllers\Transaksi->index()
 3 SYSTEMPATH\CodeIgniter.php(482): CodeIgniter\CodeIgniter->runController(Object(App\Controllers\Transaksi))
 4 SYSTEMPATH\CodeIgniter.php(351): CodeIgniter\CodeIgniter->handleRequest(null, Object(Config\Cache), false)
 5 FCPATH\index.php(67): CodeIgniter\CodeIgniter->run()
 6 SYSTEMPATH\Commands\Server\rewrite.php(46): require_once('FCPATH\\index.php')
CRITICAL - 2022-11-13 04:23:14 --> Undefined property: App\Controllers\Transaksi::$bantuanModel
in APPPATH\Controllers\Transaksi.php on line 24.
 1 APPPATH\Controllers\Transaksi.php(24): CodeIgniter\Debug\Exceptions->errorHandler(2, 'Undefined property: App\\Controllers\\Transaksi::$bantuanModel', 'APPPATH\\Controllers\\Transaksi.php', 24)
 2 SYSTEMPATH\CodeIgniter.php(927): App\Controllers\Transaksi->index()
 3 SYSTEMPATH\CodeIgniter.php(482): CodeIgniter\CodeIgniter->runController(Object(App\Controllers\Transaksi))
 4 SYSTEMPATH\CodeIgniter.php(351): CodeIgniter\CodeIgniter->handleRequest(null, Object(Config\Cache), false)
 5 FCPATH\index.php(67): CodeIgniter\CodeIgniter->run()
 6 SYSTEMPATH\Commands\Server\rewrite.php(46): require_once('FCPATH\\index.php')
CRITICAL - 2022-11-13 04:23:26 --> Undefined property: App\Controllers\Transaksi::$bantuanModel
in APPPATH\Controllers\Transaksi.php on line 24.
 1 APPPATH\Controllers\Transaksi.php(24): CodeIgniter\Debug\Exceptions->errorHandler(2, 'Undefined property: App\\Controllers\\Transaksi::$bantuanModel', 'APPPATH\\Controllers\\Transaksi.php', 24)
 2 SYSTEMPATH\CodeIgniter.php(927): App\Controllers\Transaksi->index()
 3 SYSTEMPATH\CodeIgniter.php(482): CodeIgniter\CodeIgniter->runController(Object(App\Controllers\Transaksi))
 4 SYSTEMPATH\CodeIgniter.php(351): CodeIgniter\CodeIgniter->handleRequest(null, Object(Config\Cache), false)
 5 FCPATH\index.php(67): CodeIgniter\CodeIgniter->run()
 6 SYSTEMPATH\Commands\Server\rewrite.php(46): require_once('FCPATH\\index.php')
CRITICAL - 2022-11-13 04:24:42 --> Undefined variable $dataPengurus
in APPPATH\Views\transaksi\index.php on line 24.
 1 APPPATH\Views\transaksi\index.php(24): CodeIgniter\Debug\Exceptions->errorHandler(2, 'Undefined variable $dataPengurus', 'APPPATH\\Views\\transaksi\\index.php', 24)
 2 SYSTEMPATH\View\View.php(213): include('APPPATH\\Views\\transaksi\\index.php')
 3 SYSTEMPATH\View\View.php(216): CodeIgniter\View\View->CodeIgniter\View\{closure}()
 4 SYSTEMPATH\Common.php(1134): CodeIgniter\View\View->render('transaksi/index', [], true)
 5 APPPATH\Controllers\Transaksi.php(28): view('transaksi/index', [...])
 6 SYSTEMPATH\CodeIgniter.php(927): App\Controllers\Transaksi->index()
 7 SYSTEMPATH\CodeIgniter.php(482): CodeIgniter\CodeIgniter->runController(Object(App\Controllers\Transaksi))
 8 SYSTEMPATH\CodeIgniter.php(351): CodeIgniter\CodeIgniter->handleRequest(null, Object(Config\Cache), false)
 9 FCPATH\index.php(67): CodeIgniter\CodeIgniter->run()
10 SYSTEMPATH\Commands\Server\rewrite.php(46): require_once('FCPATH\\index.php')
CRITICAL - 2022-11-13 04:28:43 --> Undefined property: App\Controllers\Transaksi::$dataWarga
in APPPATH\Controllers\Transaksi.php on line 39.
 1 APPPATH\Controllers\Transaksi.php(39): CodeIgniter\Debug\Exceptions->errorHandler(2, 'Undefined property: App\\Controllers\\Transaksi::$dataWarga', 'APPPATH\\Controllers\\Transaksi.php', 39)
 2 SYSTEMPATH\CodeIgniter.php(927): App\Controllers\Transaksi->tambah()
 3 SYSTEMPATH\CodeIgniter.php(482): CodeIgniter\CodeIgniter->runController(Object(App\Controllers\Transaksi))
 4 SYSTEMPATH\CodeIgniter.php(351): CodeIgniter\CodeIgniter->handleRequest(null, Object(Config\Cache), false)
 5 FCPATH\index.php(67): CodeIgniter\CodeIgniter->run()
 6 SYSTEMPATH\Commands\Server\rewrite.php(46): require_once('FCPATH\\index.php')
CRITICAL - 2022-11-13 04:29:15 --> Undefined property: App\Controllers\Transaksi::$dataWarga
in APPPATH\Controllers\Transaksi.php on line 40.
 1 APPPATH\Controllers\Transaksi.php(40): CodeIgniter\Debug\Exceptions->errorHandler(2, 'Undefined property: App\\Controllers\\Transaksi::$dataWarga', 'APPPATH\\Controllers\\Transaksi.php', 40)
 2 SYSTEMPATH\CodeIgniter.php(927): App\Controllers\Transaksi->tambah()
 3 SYSTEMPATH\CodeIgniter.php(482): CodeIgniter\CodeIgniter->runController(Object(App\Controllers\Transaksi))
 4 SYSTEMPATH\CodeIgniter.php(351): CodeIgniter\CodeIgniter->handleRequest(null, Object(Config\Cache), false)
 5 FCPATH\index.php(67): CodeIgniter\CodeIgniter->run()
 6 SYSTEMPATH\Commands\Server\rewrite.php(46): require_once('FCPATH\\index.php')
CRITICAL - 2022-11-13 04:29:16 --> Undefined property: App\Controllers\Transaksi::$dataWarga
in APPPATH\Controllers\Transaksi.php on line 40.
 1 APPPATH\Controllers\Transaksi.php(40): CodeIgniter\Debug\Exceptions->errorHandler(2, 'Undefined property: App\\Controllers\\Transaksi::$dataWarga', 'APPPATH\\Controllers\\Transaksi.php', 40)
 2 SYSTEMPATH\CodeIgniter.php(927): App\Controllers\Transaksi->tambah()
 3 SYSTEMPATH\CodeIgniter.php(482): CodeIgniter\CodeIgniter->runController(Object(App\Controllers\Transaksi))
 4 SYSTEMPATH\CodeIgniter.php(351): CodeIgniter\CodeIgniter->handleRequest(null, Object(Config\Cache), false)
 5 FCPATH\index.php(67): CodeIgniter\CodeIgniter->run()
 6 SYSTEMPATH\Commands\Server\rewrite.php(46): require_once('FCPATH\\index.php')
CRITICAL - 2022-11-13 04:30:55 --> Undefined variable $dataPendamping
in APPPATH\Views\transaksi\tambah.php on line 214.
 1 APPPATH\Views\transaksi\tambah.php(214): CodeIgniter\Debug\Exceptions->errorHandler(2, 'Undefined variable $dataPendamping', 'APPPATH\\Views\\transaksi\\tambah.php', 214)
 2 SYSTEMPATH\View\View.php(213): include('APPPATH\\Views\\transaksi\\tambah.php')
 3 SYSTEMPATH\View\View.php(216): CodeIgniter\View\View->CodeIgniter\View\{closure}()
 4 SYSTEMPATH\Common.php(1134): CodeIgniter\View\View->render('/transaksi/tambah', [], true)
 5 APPPATH\Controllers\Transaksi.php(43): view('/transaksi/tambah', [...])
 6 SYSTEMPATH\CodeIgniter.php(927): App\Controllers\Transaksi->tambah()
 7 SYSTEMPATH\CodeIgniter.php(482): CodeIgniter\CodeIgniter->runController(Object(App\Controllers\Transaksi))
 8 SYSTEMPATH\CodeIgniter.php(351): CodeIgniter\CodeIgniter->handleRequest(null, Object(Config\Cache), false)
 9 FCPATH\index.php(67): CodeIgniter\CodeIgniter->run()
10 SYSTEMPATH\Commands\Server\rewrite.php(46): require_once('FCPATH\\index.php')
CRITICAL - 2022-11-13 04:35:28 --> Undefined variable $dataWarga
in APPPATH\Views\transaksi\tambah.php on line 23.
 1 APPPATH\Views\transaksi\tambah.php(23): CodeIgniter\Debug\Exceptions->errorHandler(2, 'Undefined variable $dataWarga', 'APPPATH\\Views\\transaksi\\tambah.php', 23)
 2 SYSTEMPATH\View\View.php(213): include('APPPATH\\Views\\transaksi\\tambah.php')
 3 SYSTEMPATH\View\View.php(216): CodeIgniter\View\View->CodeIgniter\View\{closure}()
 4 SYSTEMPATH\Common.php(1134): CodeIgniter\View\View->render('/transaksi/tambah', [], true)
 5 APPPATH\Controllers\Transaksi.php(43): view('/transaksi/tambah', [...])
 6 SYSTEMPATH\CodeIgniter.php(927): App\Controllers\Transaksi->tambah()
 7 SYSTEMPATH\CodeIgniter.php(482): CodeIgniter\CodeIgniter->runController(Object(App\Controllers\Transaksi))
 8 SYSTEMPATH\CodeIgniter.php(351): CodeIgniter\CodeIgniter->handleRequest(null, Object(Config\Cache), false)
 9 FCPATH\index.php(67): CodeIgniter\CodeIgniter->run()
10 SYSTEMPATH\Commands\Server\rewrite.php(46): require_once('FCPATH\\index.php')
