CRITICAL - 2022-11-18 18:39:17 --> Undefined variable $databantuan
in APPPATH/Views/warga/tambah.php on line 22.
 1 APPPATH/Views/warga/tambah.php(22): CodeIgniter\Debug\Exceptions->errorHandler()
 2 SYSTEMPATH/View/View.php(213): include('APPPATH/Views/warga/tambah.php')
 3 SYSTEMPATH/View/View.php(216): CodeIgniter\View\View->CodeIgniter\View\{closure}()
 4 SYSTEMPATH/Common.php(1134): CodeIgniter\View\View->render()
 5 APPPATH/Controllers/Warga.php(45): view()
 6 SYSTEMPATH/CodeIgniter.php(927): App\Controllers\Warga->tambah()
 7 SYSTEMPATH/CodeIgniter.php(482): CodeIgniter\CodeIgniter->runController()
 8 SYSTEMPATH/CodeIgniter.php(351): CodeIgniter\CodeIgniter->handleRequest()
 9 FCPATH/index.php(67): CodeIgniter\CodeIgniter->run()
10 SYSTEMPATH/Commands/Server/rewrite.php(46): require_once('FCPATH/index.php')
CRITICAL - 2022-11-18 18:39:25 --> Undefined variable $databantuan
in APPPATH/Views/warga/tambah.php on line 22.
 1 APPPATH/Views/warga/tambah.php(22): CodeIgniter\Debug\Exceptions->errorHandler()
 2 SYSTEMPATH/View/View.php(213): include('APPPATH/Views/warga/tambah.php')
 3 SYSTEMPATH/View/View.php(216): CodeIgniter\View\View->CodeIgniter\View\{closure}()
 4 SYSTEMPATH/Common.php(1134): CodeIgniter\View\View->render()
 5 APPPATH/Controllers/Warga.php(45): view()
 6 SYSTEMPATH/CodeIgniter.php(927): App\Controllers\Warga->tambah()
 7 SYSTEMPATH/CodeIgniter.php(482): CodeIgniter\CodeIgniter->runController()
 8 SYSTEMPATH/CodeIgniter.php(351): CodeIgniter\CodeIgniter->handleRequest()
 9 FCPATH/index.php(67): CodeIgniter\CodeIgniter->run()
10 SYSTEMPATH/Commands/Server/rewrite.php(46): require_once('FCPATH/index.php')
ERROR - 2022-11-18 19:16:57 --> mysqli_sql_exception: Unknown column 'warga.bantuan' in 'on clause' in /mnt/work/Project/STIKI/Liani/si-pkh/system/Database/MySQLi/Connection.php:292
Stack trace:
#0 /mnt/work/Project/STIKI/Liani/si-pkh/system/Database/MySQLi/Connection.php(292): mysqli->query()
#1 /mnt/work/Project/STIKI/Liani/si-pkh/system/Database/BaseConnection.php(666): CodeIgniter\Database\MySQLi\Connection->execute()
#2 /mnt/work/Project/STIKI/Liani/si-pkh/system/Database/BaseConnection.php(593): CodeIgniter\Database\BaseConnection->simpleQuery()
#3 /mnt/work/Project/STIKI/Liani/si-pkh/system/Database/BaseBuilder.php(1585): CodeIgniter\Database\BaseConnection->query()
#4 /mnt/work/Project/STIKI/Liani/si-pkh/system/Model.php(772): CodeIgniter\Database\BaseBuilder->get()
#5 /mnt/work/Project/STIKI/Liani/si-pkh/app/Models/WargaModel.php(31): CodeIgniter\Model->__call()
#6 /mnt/work/Project/STIKI/Liani/si-pkh/app/Controllers/Warga.php(30): App\Models\WargaModel->findAll()
#7 /mnt/work/Project/STIKI/Liani/si-pkh/system/CodeIgniter.php(927): App\Controllers\Warga->index()
#8 /mnt/work/Project/STIKI/Liani/si-pkh/system/CodeIgniter.php(482): CodeIgniter\CodeIgniter->runController()
#9 /mnt/work/Project/STIKI/Liani/si-pkh/system/CodeIgniter.php(351): CodeIgniter\CodeIgniter->handleRequest()
#10 /mnt/work/Project/STIKI/Liani/si-pkh/public/index.php(67): CodeIgniter\CodeIgniter->run()
#11 /mnt/work/Project/STIKI/Liani/si-pkh/system/Commands/Server/rewrite.php(46): require_once('...')
#12 {main}
CRITICAL - 2022-11-18 19:16:57 --> Unknown column 'warga.bantuan' in 'on clause'
in SYSTEMPATH/Database/MySQLi/Connection.php on line 292.
 1 SYSTEMPATH/Database/MySQLi/Connection.php(292): mysqli->query()
 2 SYSTEMPATH/Database/BaseConnection.php(666): CodeIgniter\Database\MySQLi\Connection->execute()
 3 SYSTEMPATH/Database/BaseConnection.php(593): CodeIgniter\Database\BaseConnection->simpleQuery()
 4 SYSTEMPATH/Database/BaseBuilder.php(1585): CodeIgniter\Database\BaseConnection->query()
 5 SYSTEMPATH/Model.php(772): CodeIgniter\Database\BaseBuilder->get()
 6 APPPATH/Models/WargaModel.php(31): CodeIgniter\Model->__call()
 7 APPPATH/Controllers/Warga.php(30): App\Models\WargaModel->findAll()
 8 SYSTEMPATH/CodeIgniter.php(927): App\Controllers\Warga->index()
 9 SYSTEMPATH/CodeIgniter.php(482): CodeIgniter\CodeIgniter->runController()
10 SYSTEMPATH/CodeIgniter.php(351): CodeIgniter\CodeIgniter->handleRequest()
11 FCPATH/index.php(67): CodeIgniter\CodeIgniter->run()
12 SYSTEMPATH/Commands/Server/rewrite.php(46): require_once('FCPATH/index.php')
ERROR - 2022-11-18 19:25:43 --> mysqli_sql_exception: Unknown column 'warga.bantuan' in 'on clause' in /mnt/work/Project/STIKI/Liani/si-pkh/system/Database/MySQLi/Connection.php:292
Stack trace:
#0 /mnt/work/Project/STIKI/Liani/si-pkh/system/Database/MySQLi/Connection.php(292): mysqli->query()
#1 /mnt/work/Project/STIKI/Liani/si-pkh/system/Database/BaseConnection.php(666): CodeIgniter\Database\MySQLi\Connection->execute()
#2 /mnt/work/Project/STIKI/Liani/si-pkh/system/Database/BaseConnection.php(593): CodeIgniter\Database\BaseConnection->simpleQuery()
#3 /mnt/work/Project/STIKI/Liani/si-pkh/system/Database/BaseBuilder.php(1585): CodeIgniter\Database\BaseConnection->query()
#4 /mnt/work/Project/STIKI/Liani/si-pkh/system/Model.php(772): CodeIgniter\Database\BaseBuilder->get()
#5 /mnt/work/Project/STIKI/Liani/si-pkh/app/Models/WargaModel.php(31): CodeIgniter\Model->__call()
#6 /mnt/work/Project/STIKI/Liani/si-pkh/app/Controllers/Warga.php(30): App\Models\WargaModel->findAll()
#7 /mnt/work/Project/STIKI/Liani/si-pkh/system/CodeIgniter.php(927): App\Controllers\Warga->index()
#8 /mnt/work/Project/STIKI/Liani/si-pkh/system/CodeIgniter.php(482): CodeIgniter\CodeIgniter->runController()
#9 /mnt/work/Project/STIKI/Liani/si-pkh/system/CodeIgniter.php(351): CodeIgniter\CodeIgniter->handleRequest()
#10 /mnt/work/Project/STIKI/Liani/si-pkh/public/index.php(67): CodeIgniter\CodeIgniter->run()
#11 /mnt/work/Project/STIKI/Liani/si-pkh/system/Commands/Server/rewrite.php(46): require_once('...')
#12 {main}
CRITICAL - 2022-11-18 19:25:43 --> Unknown column 'warga.bantuan' in 'on clause'
in SYSTEMPATH/Database/MySQLi/Connection.php on line 292.
 1 SYSTEMPATH/Database/MySQLi/Connection.php(292): mysqli->query()
 2 SYSTEMPATH/Database/BaseConnection.php(666): CodeIgniter\Database\MySQLi\Connection->execute()
 3 SYSTEMPATH/Database/BaseConnection.php(593): CodeIgniter\Database\BaseConnection->simpleQuery()
 4 SYSTEMPATH/Database/BaseBuilder.php(1585): CodeIgniter\Database\BaseConnection->query()
 5 SYSTEMPATH/Model.php(772): CodeIgniter\Database\BaseBuilder->get()
 6 APPPATH/Models/WargaModel.php(31): CodeIgniter\Model->__call()
 7 APPPATH/Controllers/Warga.php(30): App\Models\WargaModel->findAll()
 8 SYSTEMPATH/CodeIgniter.php(927): App\Controllers\Warga->index()
 9 SYSTEMPATH/CodeIgniter.php(482): CodeIgniter\CodeIgniter->runController()
10 SYSTEMPATH/CodeIgniter.php(351): CodeIgniter\CodeIgniter->handleRequest()
11 FCPATH/index.php(67): CodeIgniter\CodeIgniter->run()
12 SYSTEMPATH/Commands/Server/rewrite.php(46): require_once('FCPATH/index.php')
ERROR - 2022-11-18 19:25:44 --> mysqli_sql_exception: Unknown column 'warga.bantuan' in 'on clause' in /mnt/work/Project/STIKI/Liani/si-pkh/system/Database/MySQLi/Connection.php:292
Stack trace:
#0 /mnt/work/Project/STIKI/Liani/si-pkh/system/Database/MySQLi/Connection.php(292): mysqli->query()
#1 /mnt/work/Project/STIKI/Liani/si-pkh/system/Database/BaseConnection.php(666): CodeIgniter\Database\MySQLi\Connection->execute()
#2 /mnt/work/Project/STIKI/Liani/si-pkh/system/Database/BaseConnection.php(593): CodeIgniter\Database\BaseConnection->simpleQuery()
#3 /mnt/work/Project/STIKI/Liani/si-pkh/system/Database/BaseBuilder.php(1585): CodeIgniter\Database\BaseConnection->query()
#4 /mnt/work/Project/STIKI/Liani/si-pkh/system/Model.php(772): CodeIgniter\Database\BaseBuilder->get()
#5 /mnt/work/Project/STIKI/Liani/si-pkh/app/Models/WargaModel.php(31): CodeIgniter\Model->__call()
#6 /mnt/work/Project/STIKI/Liani/si-pkh/app/Controllers/Warga.php(30): App\Models\WargaModel->findAll()
#7 /mnt/work/Project/STIKI/Liani/si-pkh/system/CodeIgniter.php(927): App\Controllers\Warga->index()
#8 /mnt/work/Project/STIKI/Liani/si-pkh/system/CodeIgniter.php(482): CodeIgniter\CodeIgniter->runController()
#9 /mnt/work/Project/STIKI/Liani/si-pkh/system/CodeIgniter.php(351): CodeIgniter\CodeIgniter->handleRequest()
#10 /mnt/work/Project/STIKI/Liani/si-pkh/public/index.php(67): CodeIgniter\CodeIgniter->run()
#11 /mnt/work/Project/STIKI/Liani/si-pkh/system/Commands/Server/rewrite.php(46): require_once('...')
#12 {main}
CRITICAL - 2022-11-18 19:25:44 --> Unknown column 'warga.bantuan' in 'on clause'
in SYSTEMPATH/Database/MySQLi/Connection.php on line 292.
 1 SYSTEMPATH/Database/MySQLi/Connection.php(292): mysqli->query()
 2 SYSTEMPATH/Database/BaseConnection.php(666): CodeIgniter\Database\MySQLi\Connection->execute()
 3 SYSTEMPATH/Database/BaseConnection.php(593): CodeIgniter\Database\BaseConnection->simpleQuery()
 4 SYSTEMPATH/Database/BaseBuilder.php(1585): CodeIgniter\Database\BaseConnection->query()
 5 SYSTEMPATH/Model.php(772): CodeIgniter\Database\BaseBuilder->get()
 6 APPPATH/Models/WargaModel.php(31): CodeIgniter\Model->__call()
 7 APPPATH/Controllers/Warga.php(30): App\Models\WargaModel->findAll()
 8 SYSTEMPATH/CodeIgniter.php(927): App\Controllers\Warga->index()
 9 SYSTEMPATH/CodeIgniter.php(482): CodeIgniter\CodeIgniter->runController()
10 SYSTEMPATH/CodeIgniter.php(351): CodeIgniter\CodeIgniter->handleRequest()
11 FCPATH/index.php(67): CodeIgniter\CodeIgniter->run()
12 SYSTEMPATH/Commands/Server/rewrite.php(46): require_once('FCPATH/index.php')
